c:\users\弗老大\desktop\cg\finalproject\project\project\debug\vc141.pdb
c:\users\弗老大\desktop\cg\finalproject\project\project\debug\vc141.idb
c:\users\弗老大\desktop\cg\finalproject\project\project\debug\glad.obj
c:\users\弗老大\desktop\cg\finalproject\project\project\debug\main.obj
c:\users\弗老大\desktop\cg\finalproject\project\project\debug\stb_image.obj
c:\users\弗老大\desktop\cg\finalproject\project\debug\project.ilk
c:\users\弗老大\desktop\cg\finalproject\project\debug\project.exe
c:\users\弗老大\desktop\cg\finalproject\project\debug\project.pdb
c:\users\zhang\coderkk\finalproject\project\project\debug\glad.obj
c:\users\zhang\coderkk\finalproject\project\project\debug\main.obj
c:\users\zhang\coderkk\finalproject\project\project\debug\particle.obj
c:\users\zhang\coderkk\finalproject\project\project\debug\stb_image.obj
c:\users\zhang\coderkk\finalproject\project\project\debug\vc141.idb
c:\users\zhang\coderkk\finalproject\project\project\debug\vc141.pdb
c:\users\zhang\coderkk\finalproject\project\debug\project.pdb
c:\users\zhang\coderkk\finalproject\project\debug\project.exe
c:\users\zhang\coderkk\finalproject\project\debug\project.ilk
c:\users\zhang\coderkk\finalproject\project\project\debug\project.tlog\cl.command.1.tlog
c:\users\zhang\coderkk\finalproject\project\project\debug\project.tlog\cl.read.1.tlog
c:\users\zhang\coderkk\finalproject\project\project\debug\project.tlog\cl.write.1.tlog
c:\users\zhang\coderkk\finalproject\project\project\debug\project.tlog\link.command.1.tlog
c:\users\zhang\coderkk\finalproject\project\project\debug\project.tlog\link.read.1.tlog
c:\users\zhang\coderkk\finalproject\project\project\debug\project.tlog\link.write.1.tlog
