  main.cpp
  GLM: rotate function taking degrees as a parameter is deprecated. #define GLM_FORCE_RADIANS before including GLM headers to remove this message.
  GLM: rotate_slow function taking degrees as a parameter is deprecated. #define GLM_FORCE_RADIANS before including GLM headers to remove this message.
  GLM: perspective function taking degrees as a parameter is deprecated. #define GLM_FORCE_RADIANS before including GLM headers to remove this message.
  GLM: perspectiveFov function taking degrees as a parameter is deprecated. #define GLM_FORCE_RADIANS before including GLM headers to remove this message.
  GLM: infinitePerspective function taking degrees as a parameter is deprecated. #define GLM_FORCE_RADIANS before including GLM headers to remove this message.
  GLM: tweakedInfinitePerspective function taking degrees as a parameter is deprecated. #define GLM_FORCE_RADIANS before including GLM headers to remove this message.
  GLM: rotate function taking degrees as a parameter is deprecated. #define GLM_FORCE_RADIANS before including GLM headers to remove this message.
  GLM: roll function returning degrees is deprecated. #define GLM_FORCE_RADIANS before including GLM headers to remove this message.
  GLM: pitch function returning degrees is deprecated. #define GLM_FORCE_RADIANS before including GLM headers to remove this message.
  GLM: yaw function returning degrees is deprecated. #define GLM_FORCE_RADIANS before including GLM headers to remove this message.
  GLM: angle function returning degrees is deprecated. #define GLM_FORCE_RADIANS before including GLM headers to remove this message.
  GLM: angleAxis function taking degrees as a parameter is deprecated. #define GLM_FORCE_RADIANS before including GLM headers to remove this message.
c:\users\zhang\coderkk\finalproject\project\project\shader_m.h(65): warning C4101: “infoLog”: 未引用的局部变量
c:\users\zhang\coderkk\finalproject\project\project\shader_m.h(64): warning C4101: “success”: 未引用的局部变量
c:\users\zhang\coderkk\finalproject\project\project\cloth.h(69): warning C4244: “=”: 从“double”转换到“float”，可能丢失数据
c:\users\zhang\coderkk\finalproject\project\project\cloth.h(72): warning C4305: “参数”: 从“double”到“float”截断
c:\users\zhang\coderkk\finalproject\project\project\cloth.h(98): warning C4305: “=”: 从“double”到“float”截断
c:\users\zhang\coderkk\finalproject\project\project\cloth.h(290): warning C4244: “=”: 从“double”转换到“float”，可能丢失数据
c:\users\zhang\coderkk\finalproject\project\project\main.cpp(200): warning C4244: “初始化”: 从“double”转换到“float”，可能丢失数据
c:\users\zhang\coderkk\finalproject\project\project\main.cpp(325): warning C4244: “=”: 从“double”转换到“float”，可能丢失数据
c:\users\zhang\coderkk\finalproject\project\project\main.cpp(327): warning C4244: “=”: 从“double”转换到“float”，可能丢失数据
c:\users\zhang\coderkk\finalproject\project\project\main.cpp(367): warning C4305: “参数”: 从“double”到“float”截断
c:\users\zhang\coderkk\finalproject\project\project\main.cpp(368): warning C4305: “参数”: 从“double”到“float”截断
c:\users\zhang\coderkk\finalproject\project\project\main.cpp(371): warning C4305: “参数”: 从“double”到“float”截断
c:\users\zhang\coderkk\finalproject\project\project\main.cpp(479): warning C4244: “=”: 从“double”转换到“float”，可能丢失数据
c:\users\zhang\coderkk\finalproject\project\project\main.cpp(480): warning C4244: “=”: 从“double”转换到“float”，可能丢失数据
c:\users\zhang\coderkk\finalproject\project\project\main.cpp(484): warning C4244: “初始化”: 从“double”转换到“float”，可能丢失数据
c:\users\zhang\coderkk\finalproject\project\project\main.cpp(485): warning C4244: “初始化”: 从“double”转换到“float”，可能丢失数据
c:\users\zhang\coderkk\finalproject\project\project\main.cpp(487): warning C4244: “=”: 从“double”转换到“float”，可能丢失数据
c:\users\zhang\coderkk\finalproject\project\project\main.cpp(488): warning C4244: “=”: 从“double”转换到“float”，可能丢失数据
c:\users\zhang\coderkk\finalproject\project\project\main.cpp(497): warning C4244: “参数”: 从“double”转换到“float”，可能丢失数据
c:\users\zhang\coderkk\finalproject\project\project\main.cpp(688): warning C4838: 从“FT_Pos”转换到“GLuint”需要收缩转换
  GLM: perspective function taking degrees as a parameter is deprecated. #define GLM_FORCE_RADIANS before including GLM headers to remove this message.
  project.vcxproj -> C:\Users\zhang\coderkk\finalProject\project\Debug\project.exe
